<?xml version="1.0" encoding="UTF-8"?>
<!-- Generated by org.testng.reporters.JUnitXMLReporter -->
<testsuite ignored="0" hostname="DESKTOP-OGJN7AI" failures="0" tests="4" name="seleniumtesting" time="0.028" errors="0" timestamp="2020-11-11T14:59:43 IST">
  <testcase classname="Practise.DependOn" name="test1" time="0.003"/>
  <testcase classname="Practise.DependOn" name="test2" time="0.0"/>
  <testcase classname="Practise.DependOn" name="test3" time="0.0"/>
  <testcase classname="Practise.DependOn" name="test4" time="0.0"/>
</testsuite> <!-- seleniumtesting -->
