<?xml version="1.0" encoding="UTF-8"?>
<!-- Generated by org.testng.reporters.JUnitXMLReporter -->
<testsuite ignored="0" hostname="DESKTOP-OGJN7AI" failures="1" tests="1" name="Default test(failed)" time="0.033" errors="0" timestamp="2020-11-11T13:31:48 IST">
  <testcase classname="Practise.DependenciesCheck" name="test2" time="0.007">
    <failure type="java.lang.AssertionError" message="expected [true] but found [false]">
      <![CDATA[java.lang.AssertionError: expected [true] but found [false]
at Practise.DependenciesCheck.test2(DependenciesCheck.java:12)
at java.base/java.util.ArrayList.forEach(ArrayList.java:1507)
... Removed 31 stack frames]]>
    </failure>
  </testcase> <!-- test2 -->
</testsuite> <!-- Default test(failed) -->
