<?xml version="1.0" encoding="UTF-8"?>
<testng-results ignored="0" total="1" passed="1" failed="0" skipped="0">
  <reporter-output>
  </reporter-output>
  <suite started-at="2020-09-25T12:31:30 IST" name="seleniumtesting" finished-at="2020-09-25T12:31:30 IST" duration-ms="20">
    <groups>
    </groups>
    <test started-at="2020-09-25T12:31:30 IST" name="seleniumtesting" finished-at="2020-09-25T12:31:30 IST" duration-ms="20">
      <class name="Practise.testcase1">
        <test-method is-config="true" signature="test1()[pri:0, instance:Practise.testcase1@345965f2]" started-at="2020-09-25T12:31:30 IST" name="test1" finished-at="2020-09-25T12:31:30 IST" duration-ms="11" status="PASS">
          <reporter-output>
          </reporter-output>
        </test-method> <!-- test1 -->
        <test-method signature="test2()[pri:0, instance:Practise.testcase1@345965f2]" started-at="2020-09-25T12:31:30 IST" name="test2" finished-at="2020-09-25T12:31:30 IST" duration-ms="0" status="PASS">
          <reporter-output>
          </reporter-output>
        </test-method> <!-- test2 -->
        <test-method is-config="true" signature="test3()[pri:0, instance:Practise.testcase1@345965f2]" started-at="2020-09-25T12:31:30 IST" name="test3" finished-at="2020-09-25T12:31:30 IST" duration-ms="1" status="PASS">
          <reporter-output>
          </reporter-output>
        </test-method> <!-- test3 -->
      </class> <!-- Practise.testcase1 -->
    </test> <!-- seleniumtesting -->
  </suite> <!-- seleniumtesting -->
</testng-results>
