<?xml version="1.0" encoding="UTF-8"?>
<testng-results ignored="0" total="4" passed="4" failed="0" skipped="0">
  <reporter-output>
  </reporter-output>
  <suite started-at="2020-11-11T14:59:43 IST" name="seleniumtesting" finished-at="2020-11-11T14:59:43 IST" duration-ms="28">
    <groups>
    </groups>
    <test started-at="2020-11-11T14:59:43 IST" name="seleniumtesting" finished-at="2020-11-11T14:59:43 IST" duration-ms="28">
      <class name="Practise.DependOn">
        <test-method signature="test1()[pri:0, instance:Practise.DependOn@4ddced80]" started-at="2020-11-11T14:59:43 IST" name="test1" finished-at="2020-11-11T14:59:43 IST" duration-ms="3" status="PASS">
          <reporter-output>
          </reporter-output>
        </test-method> <!-- test1 -->
        <test-method signature="test2()[pri:0, instance:Practise.DependOn@4ddced80]" started-at="2020-11-11T14:59:43 IST" name="test2" finished-at="2020-11-11T14:59:43 IST" duration-ms="0" status="PASS">
          <reporter-output>
          </reporter-output>
        </test-method> <!-- test2 -->
        <test-method signature="test4()[pri:0, instance:Practise.DependOn@4ddced80]" started-at="2020-11-11T14:59:43 IST" name="test4" finished-at="2020-11-11T14:59:43 IST" duration-ms="0" status="PASS">
          <reporter-output>
          </reporter-output>
        </test-method> <!-- test4 -->
        <test-method signature="test3()[pri:0, instance:Practise.DependOn@4ddced80]" started-at="2020-11-11T14:59:43 IST" name="test3" finished-at="2020-11-11T14:59:43 IST" duration-ms="0" status="PASS">
          <reporter-output>
          </reporter-output>
        </test-method> <!-- test3 -->
      </class> <!-- Practise.DependOn -->
    </test> <!-- seleniumtesting -->
  </suite> <!-- seleniumtesting -->
</testng-results>
